<?xml version="1.0" encoding="UTF-8"?>
<!-- Generated by org.testng.reporters.JUnitReportReporter -->
<testsuite hostname="Harshavardhans-MacBook-Pro.local" name="CucumberOptions.TestRunner" tests="1" failures="0" timestamp="7 Jul 2019 16:36:01 GMT" time="45.972" errors="0">
  <testcase name="feature" time="45.972" classname="CucumberOptions.TestRunner"/>
</testsuite> <!-- CucumberOptions.TestRunner -->
